<?xml version="1.0" encoding="UTF-8"?>
<testsuites name="Test All" time="155.879" tests="12" failures="0" errors="0">
   <testsuite name="Test All" tests="12" failures="0" errors="0" time="155.879" skipped="0" timestamp="2022-07-01 14:54:45" hostname="095053 - LAPTOP-BRAVO05.bfi.co.id" id="Test Suites/Test All">
      <properties>
         <property name="deviceName" value=""/>
         <property name="devicePlatform" value=""/>
         <property name="logFolder" value="C:\\Users\\095053\\Katalon Studio\\CURA Test Project2\\Reports\\20220701_145434\\Test All\\20220701_145434"/>
         <property name="logFiles" value="C:\\Users\\095053\\Katalon Studio\\CURA Test Project2\\Reports\\20220701_145434\\Test All\\20220701_145434\\execution0.log"/>
         <property name="attachments" value=""/>
         <property name="hostName" value="095053 - LAPTOP-BRAVO05.bfi.co.id"/>
         <property name="os" value="Windows 10 64bit"/>
         <property name="katalonVersion" value="8.3.5.208"/>
         <property name="browser" value="Chrome 103.0.5060.66"/>
         <property name="hostAddress" value="192.168.1.5"/>
         <property name="sessionId" value="68eb88f19b617c1815a643fd2e509cc6"/>
         <property name="seleniumVersion" value="3.141.59"/>
         <property name="proxyInformation" value="ProxyInformation { proxyOption=NO_PROXY, proxyServerType=HTTP, username=, password=********, proxyServerAddress=, proxyServerPort=0, executionList=&quot;&quot;, isApplyToDesiredCapabilities=true }"/>
         <property name="platform" value="Windows 10"/>
      </properties>
      <testcase name="Test Cases/Assignment/Check Appointment/CHECK_01" time="18.379" classname="Test Cases/Assignment/Check Appointment/CHECK_01" status="PASSED">
         <system-out><![CDATA[2022-07-01 14:54:46 - [TEST_CASE][PASSED] - Test Cases/Assignment/Check Appointment/CHECK_01: Test Cases/Assignment/Check Appointment/CHECK_01

2022-07-01 14:54:46 - [TEST_STEP][PASSED] - callTestCase(findTestCase("Assignment/Make Appointment/APP_01"), [:], STOP_ON_FAILURE): Call Test Case 'Test Cases/Assignment/Make Appointment/APP_01' successfully

2022-07-01 14:54:46 - [TEST_CASE][PASSED] - Test Cases/Assignment/Make Appointment/APP_01: Test Cases/Assignment/Make Appointment/APP_01

2022-07-01 14:54:47 - [TEST_STEP][PASSED] - callTestCase(findTestCase("Assignment/Login/LOGIN_01"), [:], STOP_ON_FAILURE): Call Test Case 'Test Cases/Assignment/Login/LOGIN_01' successfully

2022-07-01 14:54:47 - [TEST_CASE][PASSED] - Test Cases/Assignment/Login/LOGIN_01: Test Cases/Assignment/Login/LOGIN_01

2022-07-01 14:54:47 - [TEST_STEP][PASSED] - openBrowser(""): Browser is opened with url: ''

2022-07-01 14:54:47 - [MESSAGE][INFO] - Starting 'Chrome' driver

2022-07-01 14:54:48 - [MESSAGE][INFO] - Action delay is set to 0 milliseconds

2022-07-01 14:54:50 - [MESSAGE][PASSED] - Browser is opened with url: ''

2022-07-01 14:54:50 - [TEST_STEP][PASSED] - navigateToUrl("https://katalon-demo-cura.herokuapp.com/"): Navigate to 'https://katalon-demo-cura.herokuapp.com/' successfully

2022-07-01 14:54:53 - [MESSAGE][PASSED] - Navigate to 'https://katalon-demo-cura.herokuapp.com/' successfully

2022-07-01 14:54:53 - [TEST_STEP][PASSED] - click(findTestObject("menu_CURA")): Object: 'Object Repository/menu_CURA' is clicked on

2022-07-01 14:54:53 - [MESSAGE][PASSED] - Object: 'Object Repository/menu_CURA' is clicked on

2022-07-01 14:54:53 - [TEST_STEP][PASSED] - click(findTestObject("Object Repository/btn_menu_login")): Object: 'Object Repository/btn_menu_login' is clicked on

2022-07-01 14:54:54 - [MESSAGE][PASSED] - Object: 'Object Repository/btn_menu_login' is clicked on

2022-07-01 14:54:54 - [TEST_STEP][PASSED] - setText(findTestObject("Object Repository/input_username"), "John Doe"): Text 'John Doe' is set on object 'Object Repository/input_username'

2022-07-01 14:54:55 - [MESSAGE][PASSED] - Text 'John Doe' is set on object 'Object Repository/input_username'

2022-07-01 14:54:55 - [TEST_STEP][PASSED] - setEncryptedText(findTestObject("Object Repository/input_password"), "g3/DOGG74jC3Flrr3yH+3D/yKbOqqUNM"): Text ****** has been set on object 'Object Repository/input_password'

2022-07-01 14:54:55 - [MESSAGE][PASSED] - Text ****** has been set on object 'Object Repository/input_password'

2022-07-01 14:54:55 - [TEST_STEP][PASSED] - click(findTestObject("Object Repository/btn_login_home")): Object: 'Object Repository/btn_login_home' is clicked on

2022-07-01 14:54:56 - [MESSAGE][PASSED] - Object: 'Object Repository/btn_login_home' is clicked on

2022-07-01 14:54:56 - [TEST_STEP][PASSED] - verifyElementText(findTestObject("txt_verify_login"), "Make Appointment"): Actual text and expected text of test object 'Object Repository/txt_verify_login' are matched.

2022-07-01 14:54:57 - [MESSAGE][PASSED] - Actual text and expected text of test object 'Object Repository/txt_verify_login' are matched.

2022-07-01 14:54:57 - [MESSAGE][PASSED] - Call Test Case 'Test Cases/Assignment/Login/LOGIN_01' successfully

2022-07-01 14:54:57 - [TEST_STEP][PASSED] - selectOptionByValue(findTestObject("Object Repository/select_facility"), "Hongkong CURA Healthcare Center", true): All options with value 'Hongkong CURA Healthcare Center' are selected in object 'Object Repository/select_facility'  using regular expression

2022-07-01 14:54:58 - [MESSAGE][PASSED] - All options with value 'Hongkong CURA Healthcare Center' are selected in object 'Object Repository/select_facility'  using regular expression

2022-07-01 14:54:58 - [TEST_STEP][PASSED] - click(findTestObject("chk_hospital_readmission")): Object: 'Object Repository/chk_hospital_readmission' is clicked on

2022-07-01 14:54:58 - [MESSAGE][PASSED] - Object: 'Object Repository/chk_hospital_readmission' is clicked on

2022-07-01 14:54:58 - [TEST_STEP][PASSED] - click(findTestObject("Object Repository/select_health_program")): Object: 'Object Repository/select_health_program' is clicked on

2022-07-01 14:54:59 - [MESSAGE][PASSED] - Object: 'Object Repository/select_health_program' is clicked on

2022-07-01 14:54:59 - [TEST_STEP][PASSED] - setText(findTestObject("input_visit_date"), "20/08/2022"): Text '20/08/2022' is set on object 'Object Repository/input_visit_date'

2022-07-01 14:55:00 - [MESSAGE][PASSED] - Text '20/08/2022' is set on object 'Object Repository/input_visit_date'

2022-07-01 14:55:00 - [TEST_STEP][PASSED] - setText(findTestObject("input_comment"), "Make Appointment"): Text 'Make Appointment' is set on object 'Object Repository/input_comment'

2022-07-01 14:55:01 - [MESSAGE][PASSED] - Text 'Make Appointment' is set on object 'Object Repository/input_comment'

2022-07-01 14:55:01 - [TEST_STEP][PASSED] - click(findTestObject("btn_book_appointment")): Object: 'Object Repository/btn_book_appointment' is clicked on

2022-07-01 14:55:02 - [MESSAGE][PASSED] - Object: 'Object Repository/btn_book_appointment' is clicked on

2022-07-01 14:55:02 - [TEST_STEP][PASSED] - navigateToUrl("https://katalon-demo-cura.herokuapp.com/appointment.php#summary"): Navigate to 'https://katalon-demo-cura.herokuapp.com/appointment.php#summary' successfully

2022-07-01 14:55:02 - [MESSAGE][PASSED] - Navigate to 'https://katalon-demo-cura.herokuapp.com/appointment.php#summary' successfully

2022-07-01 14:55:02 - [TEST_STEP][PASSED] - verifyElementPresent(findTestObject("txt_appointment_confirmation"), 3): Object 'Object Repository/txt_appointment_confirmation' is present

2022-07-01 14:55:02 - [MESSAGE][PASSED] - Object 'Object Repository/txt_appointment_confirmation' is present

2022-07-01 14:55:02 - [MESSAGE][PASSED] - Call Test Case 'Test Cases/Assignment/Make Appointment/APP_01' successfully

2022-07-01 14:55:02 - [TEST_STEP][PASSED] - click(findTestObject("Object Repository/menu_CURA")): Object: 'Object Repository/menu_CURA' is clicked on

2022-07-01 14:55:02 - [MESSAGE][PASSED] - Object: 'Object Repository/menu_CURA' is clicked on

2022-07-01 14:55:02 - [TEST_STEP][PASSED] - click(findTestObject("Object Repository/history_appointment")): Object: 'Object Repository/history_appointment' is clicked on

2022-07-01 14:55:04 - [MESSAGE][PASSED] - Object: 'Object Repository/history_appointment' is clicked on

2022-07-01 14:55:04 - [TEST_STEP][PASSED] - verifyElementPresent(findTestObject("Object Repository/verify_appointment"), 3): Object 'Object Repository/verify_appointment' is present

2022-07-01 14:55:04 - [MESSAGE][PASSED] - Object 'Object Repository/verify_appointment' is present]]></system-out>
         <system-err><![CDATA[]]></system-err>
      </testcase>
      <testcase name="Test Cases/Assignment/Check Appointment/CHECK_02" time="14.512" classname="Test Cases/Assignment/Check Appointment/CHECK_02" status="PASSED">
         <system-out><![CDATA[2022-07-01 14:55:04 - [TEST_CASE][PASSED] - Test Cases/Assignment/Check Appointment/CHECK_02: Test Cases/Assignment/Check Appointment/CHECK_02

2022-07-01 14:55:05 - [TEST_STEP][PASSED] - callTestCase(findTestCase("Assignment/Login/LOGIN_01"), [:], STOP_ON_FAILURE): Call Test Case 'Test Cases/Assignment/Login/LOGIN_01' successfully

2022-07-01 14:55:05 - [TEST_CASE][PASSED] - Test Cases/Assignment/Login/LOGIN_01: Test Cases/Assignment/Login/LOGIN_01

2022-07-01 14:55:05 - [TEST_STEP][PASSED] - openBrowser(""): Browser is opened with url: ''

2022-07-01 14:55:05 - [MESSAGE][WARNING] - A browser is already opened. Closing browser and opening a new one

2022-07-01 14:55:06 - [MESSAGE][INFO] - Starting 'Chrome' driver

2022-07-01 14:55:06 - [MESSAGE][INFO] - Action delay is set to 0 milliseconds

2022-07-01 14:55:07 - [MESSAGE][PASSED] - Browser is opened with url: ''

2022-07-01 14:55:07 - [TEST_STEP][PASSED] - navigateToUrl("https://katalon-demo-cura.herokuapp.com/"): Navigate to 'https://katalon-demo-cura.herokuapp.com/' successfully

2022-07-01 14:55:13 - [MESSAGE][PASSED] - Navigate to 'https://katalon-demo-cura.herokuapp.com/' successfully

2022-07-01 14:55:13 - [TEST_STEP][PASSED] - click(findTestObject("menu_CURA")): Object: 'Object Repository/menu_CURA' is clicked on

2022-07-01 14:55:13 - [MESSAGE][PASSED] - Object: 'Object Repository/menu_CURA' is clicked on

2022-07-01 14:55:13 - [TEST_STEP][PASSED] - click(findTestObject("Object Repository/btn_menu_login")): Object: 'Object Repository/btn_menu_login' is clicked on

2022-07-01 14:55:14 - [MESSAGE][PASSED] - Object: 'Object Repository/btn_menu_login' is clicked on

2022-07-01 14:55:14 - [TEST_STEP][PASSED] - setText(findTestObject("Object Repository/input_username"), "John Doe"): Text 'John Doe' is set on object 'Object Repository/input_username'

2022-07-01 14:55:15 - [MESSAGE][PASSED] - Text 'John Doe' is set on object 'Object Repository/input_username'

2022-07-01 14:55:15 - [TEST_STEP][PASSED] - setEncryptedText(findTestObject("Object Repository/input_password"), "g3/DOGG74jC3Flrr3yH+3D/yKbOqqUNM"): Text ****** has been set on object 'Object Repository/input_password'

2022-07-01 14:55:15 - [MESSAGE][PASSED] - Text ****** has been set on object 'Object Repository/input_password'

2022-07-01 14:55:15 - [TEST_STEP][PASSED] - click(findTestObject("Object Repository/btn_login_home")): Object: 'Object Repository/btn_login_home' is clicked on

2022-07-01 14:55:17 - [MESSAGE][PASSED] - Object: 'Object Repository/btn_login_home' is clicked on

2022-07-01 14:55:17 - [TEST_STEP][PASSED] - verifyElementText(findTestObject("txt_verify_login"), "Make Appointment"): Actual text and expected text of test object 'Object Repository/txt_verify_login' are matched.

2022-07-01 14:55:17 - [MESSAGE][PASSED] - Actual text and expected text of test object 'Object Repository/txt_verify_login' are matched.

2022-07-01 14:55:17 - [MESSAGE][PASSED] - Call Test Case 'Test Cases/Assignment/Login/LOGIN_01' successfully

2022-07-01 14:55:17 - [TEST_STEP][PASSED] - click(findTestObject("Object Repository/menu_CURA")): Object: 'Object Repository/menu_CURA' is clicked on

2022-07-01 14:55:17 - [MESSAGE][PASSED] - Object: 'Object Repository/menu_CURA' is clicked on

2022-07-01 14:55:17 - [TEST_STEP][PASSED] - click(findTestObject("Object Repository/history_appointment")): Object: 'Object Repository/history_appointment' is clicked on

2022-07-01 14:55:18 - [MESSAGE][PASSED] - Object: 'Object Repository/history_appointment' is clicked on

2022-07-01 14:55:18 - [TEST_STEP][PASSED] - verifyElementText(findTestObject("Object Repository/verify_no_appointment"), "No appointment."): Actual text and expected text of test object 'Object Repository/verify_no_appointment' are matched.

2022-07-01 14:55:19 - [MESSAGE][PASSED] - Actual text and expected text of test object 'Object Repository/verify_no_appointment' are matched.]]></system-out>
         <system-err><![CDATA[]]></system-err>
      </testcase>
      <testcase name="Test Cases/Assignment/Login/LOGIN_01" time="8.678" classname="Test Cases/Assignment/Login/LOGIN_01" status="PASSED">
         <system-out><![CDATA[2022-07-01 14:55:19 - [TEST_CASE][PASSED] - Test Cases/Assignment/Login/LOGIN_01: Test Cases/Assignment/Login/LOGIN_01

2022-07-01 14:55:19 - [TEST_STEP][PASSED] - openBrowser(""): Browser is opened with url: ''

2022-07-01 14:55:19 - [MESSAGE][WARNING] - A browser is already opened. Closing browser and opening a new one

2022-07-01 14:55:19 - [MESSAGE][INFO] - Starting 'Chrome' driver

2022-07-01 14:55:19 - [MESSAGE][INFO] - Action delay is set to 0 milliseconds

2022-07-01 14:55:21 - [MESSAGE][PASSED] - Browser is opened with url: ''

2022-07-01 14:55:21 - [TEST_STEP][PASSED] - navigateToUrl("https://katalon-demo-cura.herokuapp.com/"): Navigate to 'https://katalon-demo-cura.herokuapp.com/' successfully

2022-07-01 14:55:23 - [MESSAGE][PASSED] - Navigate to 'https://katalon-demo-cura.herokuapp.com/' successfully

2022-07-01 14:55:23 - [TEST_STEP][PASSED] - click(findTestObject("menu_CURA")): Object: 'Object Repository/menu_CURA' is clicked on

2022-07-01 14:55:24 - [MESSAGE][PASSED] - Object: 'Object Repository/menu_CURA' is clicked on

2022-07-01 14:55:24 - [TEST_STEP][PASSED] - click(findTestObject("Object Repository/btn_menu_login")): Object: 'Object Repository/btn_menu_login' is clicked on

2022-07-01 14:55:25 - [MESSAGE][PASSED] - Object: 'Object Repository/btn_menu_login' is clicked on

2022-07-01 14:55:25 - [TEST_STEP][PASSED] - setText(findTestObject("Object Repository/input_username"), "John Doe"): Text 'John Doe' is set on object 'Object Repository/input_username'

2022-07-01 14:55:26 - [MESSAGE][PASSED] - Text 'John Doe' is set on object 'Object Repository/input_username'

2022-07-01 14:55:26 - [TEST_STEP][PASSED] - setEncryptedText(findTestObject("Object Repository/input_password"), "g3/DOGG74jC3Flrr3yH+3D/yKbOqqUNM"): Text ****** has been set on object 'Object Repository/input_password'

2022-07-01 14:55:26 - [MESSAGE][PASSED] - Text ****** has been set on object 'Object Repository/input_password'

2022-07-01 14:55:26 - [TEST_STEP][PASSED] - click(findTestObject("Object Repository/btn_login_home")): Object: 'Object Repository/btn_login_home' is clicked on

2022-07-01 14:55:27 - [MESSAGE][PASSED] - Object: 'Object Repository/btn_login_home' is clicked on

2022-07-01 14:55:27 - [TEST_STEP][PASSED] - verifyElementText(findTestObject("txt_verify_login"), "Make Appointment"): Actual text and expected text of test object 'Object Repository/txt_verify_login' are matched.

2022-07-01 14:55:27 - [MESSAGE][PASSED] - Actual text and expected text of test object 'Object Repository/txt_verify_login' are matched.]]></system-out>
         <system-err><![CDATA[]]></system-err>
      </testcase>
      <testcase name="Test Cases/Assignment/Login/LOGIN_02" time="9.691" classname="Test Cases/Assignment/Login/LOGIN_02" status="PASSED">
         <system-out><![CDATA[2022-07-01 14:55:27 - [TEST_CASE][PASSED] - Test Cases/Assignment/Login/LOGIN_02: Test Cases/Assignment/Login/LOGIN_02

2022-07-01 14:55:28 - [TEST_STEP][PASSED] - openBrowser(""): Browser is opened with url: ''

2022-07-01 14:55:28 - [MESSAGE][WARNING] - A browser is already opened. Closing browser and opening a new one

2022-07-01 14:55:29 - [MESSAGE][INFO] - Starting 'Chrome' driver

2022-07-01 14:55:29 - [MESSAGE][INFO] - Action delay is set to 0 milliseconds

2022-07-01 14:55:30 - [MESSAGE][PASSED] - Browser is opened with url: ''

2022-07-01 14:55:30 - [TEST_STEP][PASSED] - navigateToUrl("https://katalon-demo-cura.herokuapp.com/"): Navigate to 'https://katalon-demo-cura.herokuapp.com/' successfully

2022-07-01 14:55:33 - [MESSAGE][PASSED] - Navigate to 'https://katalon-demo-cura.herokuapp.com/' successfully

2022-07-01 14:55:33 - [TEST_STEP][PASSED] - click(findTestObject("menu_CURA")): Object: 'Object Repository/menu_CURA' is clicked on

2022-07-01 14:55:33 - [MESSAGE][PASSED] - Object: 'Object Repository/menu_CURA' is clicked on

2022-07-01 14:55:33 - [TEST_STEP][PASSED] - click(findTestObject("Object Repository/btn_menu_login")): Object: 'Object Repository/btn_menu_login' is clicked on

2022-07-01 14:55:34 - [MESSAGE][PASSED] - Object: 'Object Repository/btn_menu_login' is clicked on

2022-07-01 14:55:34 - [TEST_STEP][PASSED] - setText(findTestObject("Object Repository/input_username"), "John Doe"): Text 'John Doe' is set on object 'Object Repository/input_username'

2022-07-01 14:55:35 - [MESSAGE][PASSED] - Text 'John Doe' is set on object 'Object Repository/input_username'

2022-07-01 14:55:35 - [TEST_STEP][PASSED] - setEncryptedText(findTestObject("Object Repository/input_password"), "g3/DOGG74jAwuaOXJLqB7w=="): Text ****** has been set on object 'Object Repository/input_password'

2022-07-01 14:55:36 - [MESSAGE][PASSED] - Text ****** has been set on object 'Object Repository/input_password'

2022-07-01 14:55:36 - [TEST_STEP][PASSED] - click(findTestObject("Object Repository/btn_login_home")): Object: 'Object Repository/btn_login_home' is clicked on

2022-07-01 14:55:37 - [MESSAGE][PASSED] - Object: 'Object Repository/btn_login_home' is clicked on

2022-07-01 14:55:37 - [TEST_STEP][PASSED] - verifyElementPresent(findTestObject("txt_failed_login"), 3): Object 'Object Repository/txt_failed_login' is present

2022-07-01 14:55:37 - [MESSAGE][PASSED] - Object 'Object Repository/txt_failed_login' is present]]></system-out>
         <system-err><![CDATA[]]></system-err>
      </testcase>
      <testcase name="Test Cases/Assignment/Login/LOGIN_03" time="10.618" classname="Test Cases/Assignment/Login/LOGIN_03" status="PASSED">
         <system-out><![CDATA[2022-07-01 14:55:37 - [TEST_CASE][PASSED] - Test Cases/Assignment/Login/LOGIN_03: Test Cases/Assignment/Login/LOGIN_03

2022-07-01 14:55:38 - [TEST_STEP][PASSED] - openBrowser(""): Browser is opened with url: ''

2022-07-01 14:55:38 - [MESSAGE][WARNING] - A browser is already opened. Closing browser and opening a new one

2022-07-01 14:55:39 - [MESSAGE][INFO] - Starting 'Chrome' driver

2022-07-01 14:55:39 - [MESSAGE][INFO] - Action delay is set to 0 milliseconds

2022-07-01 14:55:40 - [MESSAGE][PASSED] - Browser is opened with url: ''

2022-07-01 14:55:40 - [TEST_STEP][PASSED] - navigateToUrl("https://katalon-demo-cura.herokuapp.com/"): Navigate to 'https://katalon-demo-cura.herokuapp.com/' successfully

2022-07-01 14:55:44 - [MESSAGE][PASSED] - Navigate to 'https://katalon-demo-cura.herokuapp.com/' successfully

2022-07-01 14:55:44 - [TEST_STEP][PASSED] - click(findTestObject("menu_CURA")): Object: 'Object Repository/menu_CURA' is clicked on

2022-07-01 14:55:44 - [MESSAGE][PASSED] - Object: 'Object Repository/menu_CURA' is clicked on

2022-07-01 14:55:44 - [TEST_STEP][PASSED] - click(findTestObject("Object Repository/btn_menu_login")): Object: 'Object Repository/btn_menu_login' is clicked on

2022-07-01 14:55:45 - [MESSAGE][PASSED] - Object: 'Object Repository/btn_menu_login' is clicked on

2022-07-01 14:55:45 - [TEST_STEP][PASSED] - setText(findTestObject("Object Repository/input_username"), "John Doe"): Text 'John Doe' is set on object 'Object Repository/input_username'

2022-07-01 14:55:46 - [MESSAGE][PASSED] - Text 'John Doe' is set on object 'Object Repository/input_username'

2022-07-01 14:55:46 - [TEST_STEP][PASSED] - setEncryptedText(findTestObject("Object Repository/input_password"), "g3/DOGG74jAwuaOXJLqB7w=="): Text ****** has been set on object 'Object Repository/input_password'

2022-07-01 14:55:46 - [MESSAGE][PASSED] - Text ****** has been set on object 'Object Repository/input_password'

2022-07-01 14:55:46 - [TEST_STEP][PASSED] - click(findTestObject("Object Repository/btn_login_home")): Object: 'Object Repository/btn_login_home' is clicked on

2022-07-01 14:55:47 - [MESSAGE][PASSED] - Object: 'Object Repository/btn_login_home' is clicked on

2022-07-01 14:55:47 - [TEST_STEP][PASSED] - verifyElementPresent(findTestObject("txt_failed_login"), 3): Object 'Object Repository/txt_failed_login' is present

2022-07-01 14:55:48 - [MESSAGE][PASSED] - Object 'Object Repository/txt_failed_login' is present]]></system-out>
         <system-err><![CDATA[]]></system-err>
      </testcase>
      <testcase name="Test Cases/Assignment/Login/LOGIN_04" time="9.562" classname="Test Cases/Assignment/Login/LOGIN_04" status="PASSED">
         <system-out><![CDATA[2022-07-01 14:55:48 - [TEST_CASE][PASSED] - Test Cases/Assignment/Login/LOGIN_04: Test Cases/Assignment/Login/LOGIN_04

2022-07-01 14:55:48 - [TEST_STEP][PASSED] - openBrowser(""): Browser is opened with url: ''

2022-07-01 14:55:48 - [MESSAGE][WARNING] - A browser is already opened. Closing browser and opening a new one

2022-07-01 14:55:49 - [MESSAGE][INFO] - Starting 'Chrome' driver

2022-07-01 14:55:49 - [MESSAGE][INFO] - Action delay is set to 0 milliseconds

2022-07-01 14:55:50 - [MESSAGE][PASSED] - Browser is opened with url: ''

2022-07-01 14:55:50 - [TEST_STEP][PASSED] - navigateToUrl("https://katalon-demo-cura.herokuapp.com/"): Navigate to 'https://katalon-demo-cura.herokuapp.com/' successfully

2022-07-01 14:55:53 - [MESSAGE][PASSED] - Navigate to 'https://katalon-demo-cura.herokuapp.com/' successfully

2022-07-01 14:55:53 - [TEST_STEP][PASSED] - click(findTestObject("menu_CURA")): Object: 'Object Repository/menu_CURA' is clicked on

2022-07-01 14:55:54 - [MESSAGE][PASSED] - Object: 'Object Repository/menu_CURA' is clicked on

2022-07-01 14:55:54 - [TEST_STEP][PASSED] - click(findTestObject("Object Repository/btn_menu_login")): Object: 'Object Repository/btn_menu_login' is clicked on

2022-07-01 14:55:55 - [MESSAGE][PASSED] - Object: 'Object Repository/btn_menu_login' is clicked on

2022-07-01 14:55:55 - [TEST_STEP][PASSED] - setText(findTestObject("Object Repository/input_username"), "John"): Text 'John' is set on object 'Object Repository/input_username'

2022-07-01 14:55:55 - [MESSAGE][PASSED] - Text 'John' is set on object 'Object Repository/input_username'

2022-07-01 14:55:55 - [TEST_STEP][PASSED] - setEncryptedText(findTestObject("Object Repository/input_password"), "g3/DOGG74jAwuaOXJLqB7w=="): Text ****** has been set on object 'Object Repository/input_password'

2022-07-01 14:55:56 - [MESSAGE][PASSED] - Text ****** has been set on object 'Object Repository/input_password'

2022-07-01 14:55:56 - [TEST_STEP][PASSED] - click(findTestObject("Object Repository/btn_login_home")): Object: 'Object Repository/btn_login_home' is clicked on

2022-07-01 14:55:57 - [MESSAGE][PASSED] - Object: 'Object Repository/btn_login_home' is clicked on

2022-07-01 14:55:57 - [TEST_STEP][PASSED] - verifyElementPresent(findTestObject("txt_failed_login"), 3): Object 'Object Repository/txt_failed_login' is present

2022-07-01 14:55:57 - [MESSAGE][PASSED] - Object 'Object Repository/txt_failed_login' is present]]></system-out>
         <system-err><![CDATA[]]></system-err>
      </testcase>
      <testcase name="Test Cases/Assignment/Login/LOGIN_05" time="8.741" classname="Test Cases/Assignment/Login/LOGIN_05" status="PASSED">
         <system-out><![CDATA[2022-07-01 14:55:57 - [TEST_CASE][PASSED] - Test Cases/Assignment/Login/LOGIN_05: Test Cases/Assignment/Login/LOGIN_05

2022-07-01 14:55:58 - [TEST_STEP][PASSED] - openBrowser(""): Browser is opened with url: ''

2022-07-01 14:55:58 - [MESSAGE][WARNING] - A browser is already opened. Closing browser and opening a new one

2022-07-01 14:55:59 - [MESSAGE][INFO] - Starting 'Chrome' driver

2022-07-01 14:55:59 - [MESSAGE][INFO] - Action delay is set to 0 milliseconds

2022-07-01 14:56:00 - [MESSAGE][PASSED] - Browser is opened with url: ''

2022-07-01 14:56:00 - [TEST_STEP][PASSED] - navigateToUrl("https://katalon-demo-cura.herokuapp.com/"): Navigate to 'https://katalon-demo-cura.herokuapp.com/' successfully

2022-07-01 14:56:03 - [MESSAGE][PASSED] - Navigate to 'https://katalon-demo-cura.herokuapp.com/' successfully

2022-07-01 14:56:03 - [TEST_STEP][PASSED] - click(findTestObject("menu_CURA")): Object: 'Object Repository/menu_CURA' is clicked on

2022-07-01 14:56:04 - [MESSAGE][PASSED] - Object: 'Object Repository/menu_CURA' is clicked on

2022-07-01 14:56:04 - [TEST_STEP][PASSED] - click(findTestObject("Object Repository/btn_menu_login")): Object: 'Object Repository/btn_menu_login' is clicked on

2022-07-01 14:56:05 - [MESSAGE][PASSED] - Object: 'Object Repository/btn_menu_login' is clicked on

2022-07-01 14:56:05 - [TEST_STEP][PASSED] - click(findTestObject("Object Repository/btn_login_home")): Object: 'Object Repository/btn_login_home' is clicked on

2022-07-01 14:56:06 - [MESSAGE][PASSED] - Object: 'Object Repository/btn_login_home' is clicked on

2022-07-01 14:56:06 - [TEST_STEP][PASSED] - verifyElementPresent(findTestObject("txt_failed_login"), 3): Object 'Object Repository/txt_failed_login' is present

2022-07-01 14:56:06 - [MESSAGE][PASSED] - Object 'Object Repository/txt_failed_login' is present]]></system-out>
         <system-err><![CDATA[]]></system-err>
      </testcase>
      <testcase name="Test Cases/Assignment/Logout/LOGOUT" time="17.733" classname="Test Cases/Assignment/Logout/LOGOUT" status="PASSED">
         <system-out><![CDATA[2022-07-01 14:56:06 - [TEST_CASE][PASSED] - Test Cases/Assignment/Logout/LOGOUT: Test Cases/Assignment/Logout/LOGOUT

2022-07-01 14:56:07 - [TEST_STEP][PASSED] - callTestCase(findTestCase("Assignment/Make Appointment/APP_01"), [:], STOP_ON_FAILURE): Call Test Case 'Test Cases/Assignment/Make Appointment/APP_01' successfully

2022-07-01 14:56:07 - [TEST_CASE][PASSED] - Test Cases/Assignment/Make Appointment/APP_01: Test Cases/Assignment/Make Appointment/APP_01

2022-07-01 14:56:07 - [TEST_STEP][PASSED] - callTestCase(findTestCase("Assignment/Login/LOGIN_01"), [:], STOP_ON_FAILURE): Call Test Case 'Test Cases/Assignment/Login/LOGIN_01' successfully

2022-07-01 14:56:07 - [TEST_CASE][PASSED] - Test Cases/Assignment/Login/LOGIN_01: Test Cases/Assignment/Login/LOGIN_01

2022-07-01 14:56:07 - [TEST_STEP][PASSED] - openBrowser(""): Browser is opened with url: ''

2022-07-01 14:56:07 - [MESSAGE][WARNING] - A browser is already opened. Closing browser and opening a new one

2022-07-01 14:56:08 - [MESSAGE][INFO] - Starting 'Chrome' driver

2022-07-01 14:56:08 - [MESSAGE][INFO] - Action delay is set to 0 milliseconds

2022-07-01 14:56:09 - [MESSAGE][PASSED] - Browser is opened with url: ''

2022-07-01 14:56:09 - [TEST_STEP][PASSED] - navigateToUrl("https://katalon-demo-cura.herokuapp.com/"): Navigate to 'https://katalon-demo-cura.herokuapp.com/' successfully

2022-07-01 14:56:12 - [MESSAGE][PASSED] - Navigate to 'https://katalon-demo-cura.herokuapp.com/' successfully

2022-07-01 14:56:12 - [TEST_STEP][PASSED] - click(findTestObject("menu_CURA")): Object: 'Object Repository/menu_CURA' is clicked on

2022-07-01 14:56:12 - [MESSAGE][PASSED] - Object: 'Object Repository/menu_CURA' is clicked on

2022-07-01 14:56:12 - [TEST_STEP][PASSED] - click(findTestObject("Object Repository/btn_menu_login")): Object: 'Object Repository/btn_menu_login' is clicked on

2022-07-01 14:56:13 - [MESSAGE][PASSED] - Object: 'Object Repository/btn_menu_login' is clicked on

2022-07-01 14:56:13 - [TEST_STEP][PASSED] - setText(findTestObject("Object Repository/input_username"), "John Doe"): Text 'John Doe' is set on object 'Object Repository/input_username'

2022-07-01 14:56:14 - [MESSAGE][PASSED] - Text 'John Doe' is set on object 'Object Repository/input_username'

2022-07-01 14:56:14 - [TEST_STEP][PASSED] - setEncryptedText(findTestObject("Object Repository/input_password"), "g3/DOGG74jC3Flrr3yH+3D/yKbOqqUNM"): Text ****** has been set on object 'Object Repository/input_password'

2022-07-01 14:56:14 - [MESSAGE][PASSED] - Text ****** has been set on object 'Object Repository/input_password'

2022-07-01 14:56:14 - [TEST_STEP][PASSED] - click(findTestObject("Object Repository/btn_login_home")): Object: 'Object Repository/btn_login_home' is clicked on

2022-07-01 14:56:15 - [MESSAGE][PASSED] - Object: 'Object Repository/btn_login_home' is clicked on

2022-07-01 14:56:15 - [TEST_STEP][PASSED] - verifyElementText(findTestObject("txt_verify_login"), "Make Appointment"): Actual text and expected text of test object 'Object Repository/txt_verify_login' are matched.

2022-07-01 14:56:16 - [MESSAGE][PASSED] - Actual text and expected text of test object 'Object Repository/txt_verify_login' are matched.

2022-07-01 14:56:16 - [MESSAGE][PASSED] - Call Test Case 'Test Cases/Assignment/Login/LOGIN_01' successfully

2022-07-01 14:56:16 - [TEST_STEP][PASSED] - selectOptionByValue(findTestObject("Object Repository/select_facility"), "Hongkong CURA Healthcare Center", true): All options with value 'Hongkong CURA Healthcare Center' are selected in object 'Object Repository/select_facility'  using regular expression

2022-07-01 14:56:17 - [MESSAGE][PASSED] - All options with value 'Hongkong CURA Healthcare Center' are selected in object 'Object Repository/select_facility'  using regular expression

2022-07-01 14:56:17 - [TEST_STEP][PASSED] - click(findTestObject("chk_hospital_readmission")): Object: 'Object Repository/chk_hospital_readmission' is clicked on

2022-07-01 14:56:17 - [MESSAGE][PASSED] - Object: 'Object Repository/chk_hospital_readmission' is clicked on

2022-07-01 14:56:17 - [TEST_STEP][PASSED] - click(findTestObject("Object Repository/select_health_program")): Object: 'Object Repository/select_health_program' is clicked on

2022-07-01 14:56:18 - [MESSAGE][PASSED] - Object: 'Object Repository/select_health_program' is clicked on

2022-07-01 14:56:18 - [TEST_STEP][PASSED] - setText(findTestObject("input_visit_date"), "20/08/2022"): Text '20/08/2022' is set on object 'Object Repository/input_visit_date'

2022-07-01 14:56:19 - [MESSAGE][PASSED] - Text '20/08/2022' is set on object 'Object Repository/input_visit_date'

2022-07-01 14:56:19 - [TEST_STEP][PASSED] - setText(findTestObject("input_comment"), "Make Appointment"): Text 'Make Appointment' is set on object 'Object Repository/input_comment'

2022-07-01 14:56:19 - [MESSAGE][PASSED] - Text 'Make Appointment' is set on object 'Object Repository/input_comment'

2022-07-01 14:56:19 - [TEST_STEP][PASSED] - click(findTestObject("btn_book_appointment")): Object: 'Object Repository/btn_book_appointment' is clicked on

2022-07-01 14:56:20 - [MESSAGE][PASSED] - Object: 'Object Repository/btn_book_appointment' is clicked on

2022-07-01 14:56:20 - [TEST_STEP][PASSED] - navigateToUrl("https://katalon-demo-cura.herokuapp.com/appointment.php#summary"): Navigate to 'https://katalon-demo-cura.herokuapp.com/appointment.php#summary' successfully

2022-07-01 14:56:20 - [MESSAGE][PASSED] - Navigate to 'https://katalon-demo-cura.herokuapp.com/appointment.php#summary' successfully

2022-07-01 14:56:20 - [TEST_STEP][PASSED] - verifyElementPresent(findTestObject("txt_appointment_confirmation"), 3): Object 'Object Repository/txt_appointment_confirmation' is present

2022-07-01 14:56:21 - [MESSAGE][PASSED] - Object 'Object Repository/txt_appointment_confirmation' is present

2022-07-01 14:56:21 - [MESSAGE][PASSED] - Call Test Case 'Test Cases/Assignment/Make Appointment/APP_01' successfully

2022-07-01 14:56:21 - [TEST_STEP][PASSED] - click(findTestObject("Object Repository/menu_CURA")): Object: 'Object Repository/menu_CURA' is clicked on

2022-07-01 14:56:21 - [MESSAGE][PASSED] - Object: 'Object Repository/menu_CURA' is clicked on

2022-07-01 14:56:21 - [TEST_STEP][PASSED] - click(findTestObject("Object Repository/btn_menu_logout")): Object: 'Object Repository/btn_menu_logout' is clicked on

2022-07-01 14:56:22 - [MESSAGE][PASSED] - Object: 'Object Repository/btn_menu_logout' is clicked on

2022-07-01 14:56:22 - [TEST_STEP][PASSED] - navigateToUrl("https://katalon-demo-cura.herokuapp.com/"): Navigate to 'https://katalon-demo-cura.herokuapp.com/' successfully

2022-07-01 14:56:23 - [MESSAGE][PASSED] - Navigate to 'https://katalon-demo-cura.herokuapp.com/' successfully

2022-07-01 14:56:23 - [TEST_STEP][PASSED] - verifyElementPresent(findTestObject("Object Repository/verify_home"), 3): Object 'Object Repository/verify_home' is present

2022-07-01 14:56:23 - [MESSAGE][PASSED] - Object 'Object Repository/verify_home' is present

2022-07-01 14:56:23 - [TEST_STEP][PASSED] - closeBrowser(): Browser is closed

2022-07-01 14:56:24 - [MESSAGE][PASSED] - Browser is closed]]></system-out>
         <system-err><![CDATA[]]></system-err>
      </testcase>
      <testcase name="Test Cases/Assignment/Make Appointment/APP_01" time="13.903" classname="Test Cases/Assignment/Make Appointment/APP_01" status="PASSED">
         <system-out><![CDATA[2022-07-01 14:56:24 - [TEST_CASE][PASSED] - Test Cases/Assignment/Make Appointment/APP_01: Test Cases/Assignment/Make Appointment/APP_01

2022-07-01 14:56:24 - [TEST_STEP][PASSED] - callTestCase(findTestCase("Assignment/Login/LOGIN_01"), [:], STOP_ON_FAILURE): Call Test Case 'Test Cases/Assignment/Login/LOGIN_01' successfully

2022-07-01 14:56:24 - [TEST_CASE][PASSED] - Test Cases/Assignment/Login/LOGIN_01: Test Cases/Assignment/Login/LOGIN_01

2022-07-01 14:56:24 - [TEST_STEP][PASSED] - openBrowser(""): Browser is opened with url: ''

2022-07-01 14:56:24 - [MESSAGE][INFO] - Starting 'Chrome' driver

2022-07-01 14:56:24 - [MESSAGE][INFO] - Action delay is set to 0 milliseconds

2022-07-01 14:56:25 - [MESSAGE][PASSED] - Browser is opened with url: ''

2022-07-01 14:56:25 - [TEST_STEP][PASSED] - navigateToUrl("https://katalon-demo-cura.herokuapp.com/"): Navigate to 'https://katalon-demo-cura.herokuapp.com/' successfully

2022-07-01 14:56:29 - [MESSAGE][PASSED] - Navigate to 'https://katalon-demo-cura.herokuapp.com/' successfully

2022-07-01 14:56:29 - [TEST_STEP][PASSED] - click(findTestObject("menu_CURA")): Object: 'Object Repository/menu_CURA' is clicked on

2022-07-01 14:56:29 - [MESSAGE][PASSED] - Object: 'Object Repository/menu_CURA' is clicked on

2022-07-01 14:56:29 - [TEST_STEP][PASSED] - click(findTestObject("Object Repository/btn_menu_login")): Object: 'Object Repository/btn_menu_login' is clicked on

2022-07-01 14:56:30 - [MESSAGE][PASSED] - Object: 'Object Repository/btn_menu_login' is clicked on

2022-07-01 14:56:30 - [TEST_STEP][PASSED] - setText(findTestObject("Object Repository/input_username"), "John Doe"): Text 'John Doe' is set on object 'Object Repository/input_username'

2022-07-01 14:56:31 - [MESSAGE][PASSED] - Text 'John Doe' is set on object 'Object Repository/input_username'

2022-07-01 14:56:31 - [TEST_STEP][PASSED] - setEncryptedText(findTestObject("Object Repository/input_password"), "g3/DOGG74jC3Flrr3yH+3D/yKbOqqUNM"): Text ****** has been set on object 'Object Repository/input_password'

2022-07-01 14:56:31 - [MESSAGE][PASSED] - Text ****** has been set on object 'Object Repository/input_password'

2022-07-01 14:56:31 - [TEST_STEP][PASSED] - click(findTestObject("Object Repository/btn_login_home")): Object: 'Object Repository/btn_login_home' is clicked on

2022-07-01 14:56:32 - [MESSAGE][PASSED] - Object: 'Object Repository/btn_login_home' is clicked on

2022-07-01 14:56:32 - [TEST_STEP][PASSED] - verifyElementText(findTestObject("txt_verify_login"), "Make Appointment"): Actual text and expected text of test object 'Object Repository/txt_verify_login' are matched.

2022-07-01 14:56:33 - [MESSAGE][PASSED] - Actual text and expected text of test object 'Object Repository/txt_verify_login' are matched.

2022-07-01 14:56:33 - [MESSAGE][PASSED] - Call Test Case 'Test Cases/Assignment/Login/LOGIN_01' successfully

2022-07-01 14:56:33 - [TEST_STEP][PASSED] - selectOptionByValue(findTestObject("Object Repository/select_facility"), "Hongkong CURA Healthcare Center", true): All options with value 'Hongkong CURA Healthcare Center' are selected in object 'Object Repository/select_facility'  using regular expression

2022-07-01 14:56:34 - [MESSAGE][PASSED] - All options with value 'Hongkong CURA Healthcare Center' are selected in object 'Object Repository/select_facility'  using regular expression

2022-07-01 14:56:34 - [TEST_STEP][PASSED] - click(findTestObject("chk_hospital_readmission")): Object: 'Object Repository/chk_hospital_readmission' is clicked on

2022-07-01 14:56:34 - [MESSAGE][PASSED] - Object: 'Object Repository/chk_hospital_readmission' is clicked on

2022-07-01 14:56:34 - [TEST_STEP][PASSED] - click(findTestObject("Object Repository/select_health_program")): Object: 'Object Repository/select_health_program' is clicked on

2022-07-01 14:56:35 - [MESSAGE][PASSED] - Object: 'Object Repository/select_health_program' is clicked on

2022-07-01 14:56:35 - [TEST_STEP][PASSED] - setText(findTestObject("input_visit_date"), "20/08/2022"): Text '20/08/2022' is set on object 'Object Repository/input_visit_date'

2022-07-01 14:56:36 - [MESSAGE][PASSED] - Text '20/08/2022' is set on object 'Object Repository/input_visit_date'

2022-07-01 14:56:36 - [TEST_STEP][PASSED] - setText(findTestObject("input_comment"), "Make Appointment"): Text 'Make Appointment' is set on object 'Object Repository/input_comment'

2022-07-01 14:56:36 - [MESSAGE][PASSED] - Text 'Make Appointment' is set on object 'Object Repository/input_comment'

2022-07-01 14:56:36 - [TEST_STEP][PASSED] - click(findTestObject("btn_book_appointment")): Object: 'Object Repository/btn_book_appointment' is clicked on

2022-07-01 14:56:37 - [MESSAGE][PASSED] - Object: 'Object Repository/btn_book_appointment' is clicked on

2022-07-01 14:56:37 - [TEST_STEP][PASSED] - navigateToUrl("https://katalon-demo-cura.herokuapp.com/appointment.php#summary"): Navigate to 'https://katalon-demo-cura.herokuapp.com/appointment.php#summary' successfully

2022-07-01 14:56:37 - [MESSAGE][PASSED] - Navigate to 'https://katalon-demo-cura.herokuapp.com/appointment.php#summary' successfully

2022-07-01 14:56:37 - [TEST_STEP][PASSED] - verifyElementPresent(findTestObject("txt_appointment_confirmation"), 3): Object 'Object Repository/txt_appointment_confirmation' is present

2022-07-01 14:56:38 - [MESSAGE][PASSED] - Object 'Object Repository/txt_appointment_confirmation' is present]]></system-out>
         <system-err><![CDATA[]]></system-err>
      </testcase>
      <testcase name="Test Cases/Assignment/Make Appointment/APP_02" time="14.163" classname="Test Cases/Assignment/Make Appointment/APP_02" status="PASSED">
         <system-out><![CDATA[2022-07-01 14:56:38 - [TEST_CASE][PASSED] - Test Cases/Assignment/Make Appointment/APP_02: Test Cases/Assignment/Make Appointment/APP_02

2022-07-01 14:56:38 - [TEST_STEP][PASSED] - callTestCase(findTestCase("Assignment/Login/LOGIN_01"), [:], STOP_ON_FAILURE): Call Test Case 'Test Cases/Assignment/Login/LOGIN_01' successfully

2022-07-01 14:56:38 - [TEST_CASE][PASSED] - Test Cases/Assignment/Login/LOGIN_01: Test Cases/Assignment/Login/LOGIN_01

2022-07-01 14:56:38 - [TEST_STEP][PASSED] - openBrowser(""): Browser is opened with url: ''

2022-07-01 14:56:38 - [MESSAGE][WARNING] - A browser is already opened. Closing browser and opening a new one

2022-07-01 14:56:39 - [MESSAGE][INFO] - Starting 'Chrome' driver

2022-07-01 14:56:39 - [MESSAGE][INFO] - Action delay is set to 0 milliseconds

2022-07-01 14:56:40 - [MESSAGE][PASSED] - Browser is opened with url: ''

2022-07-01 14:56:40 - [TEST_STEP][PASSED] - navigateToUrl("https://katalon-demo-cura.herokuapp.com/"): Navigate to 'https://katalon-demo-cura.herokuapp.com/' successfully

2022-07-01 14:56:43 - [MESSAGE][PASSED] - Navigate to 'https://katalon-demo-cura.herokuapp.com/' successfully

2022-07-01 14:56:43 - [TEST_STEP][PASSED] - click(findTestObject("menu_CURA")): Object: 'Object Repository/menu_CURA' is clicked on

2022-07-01 14:56:44 - [MESSAGE][PASSED] - Object: 'Object Repository/menu_CURA' is clicked on

2022-07-01 14:56:44 - [TEST_STEP][PASSED] - click(findTestObject("Object Repository/btn_menu_login")): Object: 'Object Repository/btn_menu_login' is clicked on

2022-07-01 14:56:45 - [MESSAGE][PASSED] - Object: 'Object Repository/btn_menu_login' is clicked on

2022-07-01 14:56:45 - [TEST_STEP][PASSED] - setText(findTestObject("Object Repository/input_username"), "John Doe"): Text 'John Doe' is set on object 'Object Repository/input_username'

2022-07-01 14:56:45 - [MESSAGE][PASSED] - Text 'John Doe' is set on object 'Object Repository/input_username'

2022-07-01 14:56:45 - [TEST_STEP][PASSED] - setEncryptedText(findTestObject("Object Repository/input_password"), "g3/DOGG74jC3Flrr3yH+3D/yKbOqqUNM"): Text ****** has been set on object 'Object Repository/input_password'

2022-07-01 14:56:46 - [MESSAGE][PASSED] - Text ****** has been set on object 'Object Repository/input_password'

2022-07-01 14:56:46 - [TEST_STEP][PASSED] - click(findTestObject("Object Repository/btn_login_home")): Object: 'Object Repository/btn_login_home' is clicked on

2022-07-01 14:56:47 - [MESSAGE][PASSED] - Object: 'Object Repository/btn_login_home' is clicked on

2022-07-01 14:56:47 - [TEST_STEP][PASSED] - verifyElementText(findTestObject("txt_verify_login"), "Make Appointment"): Actual text and expected text of test object 'Object Repository/txt_verify_login' are matched.

2022-07-01 14:56:47 - [MESSAGE][PASSED] - Actual text and expected text of test object 'Object Repository/txt_verify_login' are matched.

2022-07-01 14:56:47 - [MESSAGE][PASSED] - Call Test Case 'Test Cases/Assignment/Login/LOGIN_01' successfully

2022-07-01 14:56:47 - [TEST_STEP][PASSED] - selectOptionByValue(findTestObject("Object Repository/select_facility"), "Hongkong CURA Healthcare Center", true): All options with value 'Hongkong CURA Healthcare Center' are selected in object 'Object Repository/select_facility'  using regular expression

2022-07-01 14:56:49 - [MESSAGE][PASSED] - All options with value 'Hongkong CURA Healthcare Center' are selected in object 'Object Repository/select_facility'  using regular expression

2022-07-01 14:56:49 - [TEST_STEP][PASSED] - click(findTestObject("Object Repository/chk_hospital_readmission")): Object: 'Object Repository/chk_hospital_readmission' is clicked on

2022-07-01 14:56:49 - [MESSAGE][PASSED] - Object: 'Object Repository/chk_hospital_readmission' is clicked on

2022-07-01 14:56:49 - [TEST_STEP][PASSED] - click(findTestObject("Object Repository/select_health_program")): Object: 'Object Repository/select_health_program' is clicked on

2022-07-01 14:56:49 - [MESSAGE][PASSED] - Object: 'Object Repository/select_health_program' is clicked on

2022-07-01 14:56:49 - [TEST_STEP][PASSED] - setText(findTestObject("Object Repository/input_visit_date"), ""): Text '' is set on object 'Object Repository/input_visit_date'

2022-07-01 14:56:50 - [MESSAGE][PASSED] - Text '' is set on object 'Object Repository/input_visit_date'

2022-07-01 14:56:50 - [TEST_STEP][PASSED] - setText(findTestObject("Object Repository/input_comment"), "Make Appointment"): Text 'Make Appointment' is set on object 'Object Repository/input_comment'

2022-07-01 14:56:51 - [MESSAGE][PASSED] - Text 'Make Appointment' is set on object 'Object Repository/input_comment'

2022-07-01 14:56:51 - [TEST_STEP][PASSED] - click(findTestObject("Object Repository/btn_book_appointment")): Object: 'Object Repository/btn_book_appointment' is clicked on

2022-07-01 14:56:51 - [MESSAGE][PASSED] - Object: 'Object Repository/btn_book_appointment' is clicked on

2022-07-01 14:56:51 - [TEST_STEP][PASSED] - verifyElementPresent(findTestObject("Object Repository/verify_date"), 3): Object 'Object Repository/verify_date' is present

2022-07-01 14:56:52 - [MESSAGE][PASSED] - Object 'Object Repository/verify_date' is present]]></system-out>
         <system-err><![CDATA[]]></system-err>
      </testcase>
      <testcase name="Test Cases/Assignment/Make Appointment/APP_03" time="14.741" classname="Test Cases/Assignment/Make Appointment/APP_03" status="PASSED">
         <system-out><![CDATA[2022-07-01 14:56:52 - [TEST_CASE][PASSED] - Test Cases/Assignment/Make Appointment/APP_03: Test Cases/Assignment/Make Appointment/APP_03

2022-07-01 14:56:53 - [TEST_STEP][PASSED] - callTestCase(findTestCase("Assignment/Login/LOGIN_01"), [:], STOP_ON_FAILURE): Call Test Case 'Test Cases/Assignment/Login/LOGIN_01' successfully

2022-07-01 14:56:53 - [TEST_CASE][PASSED] - Test Cases/Assignment/Login/LOGIN_01: Test Cases/Assignment/Login/LOGIN_01

2022-07-01 14:56:53 - [TEST_STEP][PASSED] - openBrowser(""): Browser is opened with url: ''

2022-07-01 14:56:53 - [MESSAGE][WARNING] - A browser is already opened. Closing browser and opening a new one

2022-07-01 14:56:53 - [MESSAGE][INFO] - Starting 'Chrome' driver

2022-07-01 14:56:53 - [MESSAGE][INFO] - Action delay is set to 0 milliseconds

2022-07-01 14:56:55 - [MESSAGE][PASSED] - Browser is opened with url: ''

2022-07-01 14:56:55 - [TEST_STEP][PASSED] - navigateToUrl("https://katalon-demo-cura.herokuapp.com/"): Navigate to 'https://katalon-demo-cura.herokuapp.com/' successfully

2022-07-01 14:56:57 - [MESSAGE][PASSED] - Navigate to 'https://katalon-demo-cura.herokuapp.com/' successfully

2022-07-01 14:56:57 - [TEST_STEP][PASSED] - click(findTestObject("menu_CURA")): Object: 'Object Repository/menu_CURA' is clicked on

2022-07-01 14:56:58 - [MESSAGE][PASSED] - Object: 'Object Repository/menu_CURA' is clicked on

2022-07-01 14:56:58 - [TEST_STEP][PASSED] - click(findTestObject("Object Repository/btn_menu_login")): Object: 'Object Repository/btn_menu_login' is clicked on

2022-07-01 14:56:59 - [MESSAGE][PASSED] - Object: 'Object Repository/btn_menu_login' is clicked on

2022-07-01 14:56:59 - [TEST_STEP][PASSED] - setText(findTestObject("Object Repository/input_username"), "John Doe"): Text 'John Doe' is set on object 'Object Repository/input_username'

2022-07-01 14:57:00 - [MESSAGE][PASSED] - Text 'John Doe' is set on object 'Object Repository/input_username'

2022-07-01 14:57:00 - [TEST_STEP][PASSED] - setEncryptedText(findTestObject("Object Repository/input_password"), "g3/DOGG74jC3Flrr3yH+3D/yKbOqqUNM"): Text ****** has been set on object 'Object Repository/input_password'

2022-07-01 14:57:00 - [MESSAGE][PASSED] - Text ****** has been set on object 'Object Repository/input_password'

2022-07-01 14:57:00 - [TEST_STEP][PASSED] - click(findTestObject("Object Repository/btn_login_home")): Object: 'Object Repository/btn_login_home' is clicked on

2022-07-01 14:57:01 - [MESSAGE][PASSED] - Object: 'Object Repository/btn_login_home' is clicked on

2022-07-01 14:57:01 - [TEST_STEP][PASSED] - verifyElementText(findTestObject("txt_verify_login"), "Make Appointment"): Actual text and expected text of test object 'Object Repository/txt_verify_login' are matched.

2022-07-01 14:57:02 - [MESSAGE][PASSED] - Actual text and expected text of test object 'Object Repository/txt_verify_login' are matched.

2022-07-01 14:57:02 - [MESSAGE][PASSED] - Call Test Case 'Test Cases/Assignment/Login/LOGIN_01' successfully

2022-07-01 14:57:02 - [TEST_STEP][PASSED] - selectOptionByValue(findTestObject("Object Repository/select_facility"), "Hongkong CURA Healthcare Center", true): All options with value 'Hongkong CURA Healthcare Center' are selected in object 'Object Repository/select_facility'  using regular expression

2022-07-01 14:57:03 - [MESSAGE][PASSED] - All options with value 'Hongkong CURA Healthcare Center' are selected in object 'Object Repository/select_facility'  using regular expression

2022-07-01 14:57:03 - [TEST_STEP][PASSED] - click(findTestObject("chk_hospital_readmission")): Object: 'Object Repository/chk_hospital_readmission' is clicked on

2022-07-01 14:57:03 - [MESSAGE][PASSED] - Object: 'Object Repository/chk_hospital_readmission' is clicked on

2022-07-01 14:57:03 - [TEST_STEP][PASSED] - click(findTestObject("Object Repository/select_health_program")): Object: 'Object Repository/select_health_program' is clicked on

2022-07-01 14:57:04 - [MESSAGE][PASSED] - Object: 'Object Repository/select_health_program' is clicked on

2022-07-01 14:57:04 - [TEST_STEP][PASSED] - setText(findTestObject("input_visit_date"), "20/08/2022"): Text '20/08/2022' is set on object 'Object Repository/input_visit_date'

2022-07-01 14:57:05 - [MESSAGE][PASSED] - Text '20/08/2022' is set on object 'Object Repository/input_visit_date'

2022-07-01 14:57:05 - [TEST_STEP][PASSED] - setText(findTestObject("input_comment"), ""): Text '' is set on object 'Object Repository/input_comment'

2022-07-01 14:57:05 - [MESSAGE][PASSED] - Text '' is set on object 'Object Repository/input_comment'

2022-07-01 14:57:05 - [TEST_STEP][PASSED] - click(findTestObject("btn_book_appointment")): Object: 'Object Repository/btn_book_appointment' is clicked on

2022-07-01 14:57:06 - [MESSAGE][PASSED] - Object: 'Object Repository/btn_book_appointment' is clicked on

2022-07-01 14:57:06 - [TEST_STEP][PASSED] - navigateToUrl("https://katalon-demo-cura.herokuapp.com/appointment.php#summary"): Navigate to 'https://katalon-demo-cura.herokuapp.com/appointment.php#summary' successfully

2022-07-01 14:57:06 - [MESSAGE][PASSED] - Navigate to 'https://katalon-demo-cura.herokuapp.com/appointment.php#summary' successfully

2022-07-01 14:57:06 - [TEST_STEP][PASSED] - verifyElementPresent(findTestObject("txt_appointment_confirmation"), 3): Object 'Object Repository/txt_appointment_confirmation' is present

2022-07-01 14:57:07 - [MESSAGE][PASSED] - Object 'Object Repository/txt_appointment_confirmation' is present]]></system-out>
         <system-err><![CDATA[]]></system-err>
      </testcase>
      <testcase name="Test Cases/Assignment/Make Appointment/APP_04" time="14.655" classname="Test Cases/Assignment/Make Appointment/APP_04" status="PASSED">
         <system-out><![CDATA[2022-07-01 14:57:07 - [TEST_CASE][PASSED] - Test Cases/Assignment/Make Appointment/APP_04: Test Cases/Assignment/Make Appointment/APP_04

2022-07-01 14:57:07 - [TEST_STEP][PASSED] - callTestCase(findTestCase("Assignment/Login/LOGIN_01"), [:], STOP_ON_FAILURE): Call Test Case 'Test Cases/Assignment/Login/LOGIN_01' successfully

2022-07-01 14:57:07 - [TEST_CASE][PASSED] - Test Cases/Assignment/Login/LOGIN_01: Test Cases/Assignment/Login/LOGIN_01

2022-07-01 14:57:07 - [TEST_STEP][PASSED] - openBrowser(""): Browser is opened with url: ''

2022-07-01 14:57:07 - [MESSAGE][WARNING] - A browser is already opened. Closing browser and opening a new one

2022-07-01 14:57:08 - [MESSAGE][INFO] - Starting 'Chrome' driver

2022-07-01 14:57:08 - [MESSAGE][INFO] - Action delay is set to 0 milliseconds

2022-07-01 14:57:10 - [MESSAGE][PASSED] - Browser is opened with url: ''

2022-07-01 14:57:10 - [TEST_STEP][PASSED] - navigateToUrl("https://katalon-demo-cura.herokuapp.com/"): Navigate to 'https://katalon-demo-cura.herokuapp.com/' successfully

2022-07-01 14:57:12 - [MESSAGE][PASSED] - Navigate to 'https://katalon-demo-cura.herokuapp.com/' successfully

2022-07-01 14:57:12 - [TEST_STEP][PASSED] - click(findTestObject("menu_CURA")): Object: 'Object Repository/menu_CURA' is clicked on

2022-07-01 14:57:13 - [MESSAGE][PASSED] - Object: 'Object Repository/menu_CURA' is clicked on

2022-07-01 14:57:13 - [TEST_STEP][PASSED] - click(findTestObject("Object Repository/btn_menu_login")): Object: 'Object Repository/btn_menu_login' is clicked on

2022-07-01 14:57:14 - [MESSAGE][PASSED] - Object: 'Object Repository/btn_menu_login' is clicked on

2022-07-01 14:57:14 - [TEST_STEP][PASSED] - setText(findTestObject("Object Repository/input_username"), "John Doe"): Text 'John Doe' is set on object 'Object Repository/input_username'

2022-07-01 14:57:14 - [MESSAGE][PASSED] - Text 'John Doe' is set on object 'Object Repository/input_username'

2022-07-01 14:57:14 - [TEST_STEP][PASSED] - setEncryptedText(findTestObject("Object Repository/input_password"), "g3/DOGG74jC3Flrr3yH+3D/yKbOqqUNM"): Text ****** has been set on object 'Object Repository/input_password'

2022-07-01 14:57:15 - [MESSAGE][PASSED] - Text ****** has been set on object 'Object Repository/input_password'

2022-07-01 14:57:15 - [TEST_STEP][PASSED] - click(findTestObject("Object Repository/btn_login_home")): Object: 'Object Repository/btn_login_home' is clicked on

2022-07-01 14:57:16 - [MESSAGE][PASSED] - Object: 'Object Repository/btn_login_home' is clicked on

2022-07-01 14:57:16 - [TEST_STEP][PASSED] - verifyElementText(findTestObject("txt_verify_login"), "Make Appointment"): Actual text and expected text of test object 'Object Repository/txt_verify_login' are matched.

2022-07-01 14:57:16 - [MESSAGE][PASSED] - Actual text and expected text of test object 'Object Repository/txt_verify_login' are matched.

2022-07-01 14:57:16 - [MESSAGE][PASSED] - Call Test Case 'Test Cases/Assignment/Login/LOGIN_01' successfully

2022-07-01 14:57:16 - [TEST_STEP][PASSED] - selectOptionByValue(findTestObject("Object Repository/select_facility"), "Hongkong CURA Healthcare Center", true): All options with value 'Hongkong CURA Healthcare Center' are selected in object 'Object Repository/select_facility'  using regular expression

2022-07-01 14:57:17 - [MESSAGE][PASSED] - All options with value 'Hongkong CURA Healthcare Center' are selected in object 'Object Repository/select_facility'  using regular expression

2022-07-01 14:57:17 - [TEST_STEP][PASSED] - click(findTestObject("chk_hospital_readmission")): Object: 'Object Repository/chk_hospital_readmission' is clicked on

2022-07-01 14:57:18 - [MESSAGE][PASSED] - Object: 'Object Repository/chk_hospital_readmission' is clicked on

2022-07-01 14:57:18 - [TEST_STEP][PASSED] - click(findTestObject("Object Repository/select_health_program")): Object: 'Object Repository/select_health_program' is clicked on

2022-07-01 14:57:18 - [MESSAGE][PASSED] - Object: 'Object Repository/select_health_program' is clicked on

2022-07-01 14:57:18 - [TEST_STEP][PASSED] - setText(findTestObject("input_visit_date"), "20/08/2021"): Text '20/08/2021' is set on object 'Object Repository/input_visit_date'

2022-07-01 14:57:19 - [MESSAGE][PASSED] - Text '20/08/2021' is set on object 'Object Repository/input_visit_date'

2022-07-01 14:57:19 - [TEST_STEP][PASSED] - setText(findTestObject("input_comment"), "Make Appointment"): Text 'Make Appointment' is set on object 'Object Repository/input_comment'

2022-07-01 14:57:20 - [MESSAGE][PASSED] - Text 'Make Appointment' is set on object 'Object Repository/input_comment'

2022-07-01 14:57:20 - [TEST_STEP][PASSED] - click(findTestObject("btn_book_appointment")): Object: 'Object Repository/btn_book_appointment' is clicked on

2022-07-01 14:57:21 - [MESSAGE][PASSED] - Object: 'Object Repository/btn_book_appointment' is clicked on

2022-07-01 14:57:21 - [TEST_STEP][PASSED] - navigateToUrl("https://katalon-demo-cura.herokuapp.com/appointment.php#summary"): Navigate to 'https://katalon-demo-cura.herokuapp.com/appointment.php#summary' successfully

2022-07-01 14:57:21 - [MESSAGE][PASSED] - Navigate to 'https://katalon-demo-cura.herokuapp.com/appointment.php#summary' successfully

2022-07-01 14:57:21 - [TEST_STEP][PASSED] - verifyElementPresent(findTestObject("txt_appointment_confirmation"), 3): Object 'Object Repository/txt_appointment_confirmation' is present

2022-07-01 14:57:21 - [MESSAGE][PASSED] - Object 'Object Repository/txt_appointment_confirmation' is present]]></system-out>
         <system-err><![CDATA[]]></system-err>
      </testcase>
      <system-out><![CDATA[2022-07-01 14:54:45 - [TEST_SUITE][PASSED] - Test All: Test Cases/Assignment/Make Appointment/APP_04]]></system-out>
      <system-err><![CDATA[]]></system-err>
   </testsuite>
</testsuites>
