<?xml version="1.0" encoding="UTF-8"?>
<testsuites name="Full Positive Test" time="76.204" tests="4" failures="0" errors="0">
   <testsuite name="Full Positive Test" tests="4" failures="0" errors="0" time="76.204" skipped="0" timestamp="2022-07-04 09:51:54" hostname="095053 - LAPTOP-BRAVO05.bfi.co.id" id="Test Suites/Full Positive Test">
      <properties>
         <property name="deviceName" value=""/>
         <property name="devicePlatform" value=""/>
         <property name="logFolder" value="C:\\Users\\095053\\Katalon Studio\\CURA Test Project2\\Reports\\20220704_095134\\Full Positive Test\\20220704_095134"/>
         <property name="logFiles" value="C:\\Users\\095053\\Katalon Studio\\CURA Test Project2\\Reports\\20220704_095134\\Full Positive Test\\20220704_095134\\execution0.log"/>
         <property name="attachments" value=""/>
         <property name="hostName" value="095053 - LAPTOP-BRAVO05.bfi.co.id"/>
         <property name="os" value="Windows 10 64bit"/>
         <property name="katalonVersion" value="8.3.5.208"/>
         <property name="browser" value="Chrome 103.0.5060.66"/>
         <property name="hostAddress" value="192.168.1.2"/>
         <property name="sessionId" value="533a1d43e0d898a98b6ca0cf24c4fc7d"/>
         <property name="seleniumVersion" value="3.141.59"/>
         <property name="proxyInformation" value="ProxyInformation { proxyOption=NO_PROXY, proxyServerType=HTTP, username=, password=********, proxyServerAddress=, proxyServerPort=0, executionList=&quot;&quot;, isApplyToDesiredCapabilities=true }"/>
         <property name="platform" value="Windows 10"/>
      </properties>
      <testcase name="Test Cases/Assignment/Login/LOGIN_01" time="14.603" classname="Test Cases/Assignment/Login/LOGIN_01" status="PASSED">
         <system-out><![CDATA[2022-07-04 09:51:54 - [TEST_CASE][PASSED] - Test Cases/Assignment/Login/LOGIN_01: Test Cases/Assignment/Login/LOGIN_01

2022-07-04 09:51:54 - [TEST_STEP][PASSED] - openBrowser(""): Browser is opened with url: ''

2022-07-04 09:51:55 - [MESSAGE][INFO] - Starting 'Chrome' driver

2022-07-04 09:51:55 - [MESSAGE][INFO] - Action delay is set to 0 milliseconds

2022-07-04 09:51:57 - [MESSAGE][PASSED] - Browser is opened with url: ''

2022-07-04 09:51:57 - [TEST_STEP][PASSED] - navigateToUrl("https://katalon-demo-cura.herokuapp.com/"): Navigate to 'https://katalon-demo-cura.herokuapp.com/' successfully

2022-07-04 09:52:03 - [MESSAGE][PASSED] - Navigate to 'https://katalon-demo-cura.herokuapp.com/' successfully

2022-07-04 09:52:03 - [TEST_STEP][PASSED] - click(findTestObject("menu_CURA")): Object: 'Object Repository/menu_CURA' is clicked on

2022-07-04 09:52:03 - [MESSAGE][PASSED] - Object: 'Object Repository/menu_CURA' is clicked on

2022-07-04 09:52:03 - [TEST_STEP][PASSED] - click(findTestObject("Object Repository/btn_menu_login")): Object: 'Object Repository/btn_menu_login' is clicked on

2022-07-04 09:52:05 - [MESSAGE][PASSED] - Object: 'Object Repository/btn_menu_login' is clicked on

2022-07-04 09:52:05 - [TEST_STEP][PASSED] - setText(findTestObject("Object Repository/input_username"), "John Doe"): Text 'John Doe' is set on object 'Object Repository/input_username'

2022-07-04 09:52:06 - [MESSAGE][PASSED] - Text 'John Doe' is set on object 'Object Repository/input_username'

2022-07-04 09:52:06 - [TEST_STEP][PASSED] - setEncryptedText(findTestObject("Object Repository/input_password"), "g3/DOGG74jC3Flrr3yH+3D/yKbOqqUNM"): Text ****** has been set on object 'Object Repository/input_password'

2022-07-04 09:52:07 - [MESSAGE][PASSED] - Text ****** has been set on object 'Object Repository/input_password'

2022-07-04 09:52:07 - [TEST_STEP][PASSED] - click(findTestObject("Object Repository/btn_login_home")): Object: 'Object Repository/btn_login_home' is clicked on

2022-07-04 09:52:08 - [MESSAGE][PASSED] - Object: 'Object Repository/btn_login_home' is clicked on

2022-07-04 09:52:08 - [TEST_STEP][PASSED] - verifyElementText(findTestObject("txt_verify_login"), "Make Appointment"): Actual text and expected text of test object 'Object Repository/txt_verify_login' are matched.

2022-07-04 09:52:09 - [MESSAGE][PASSED] - Actual text and expected text of test object 'Object Repository/txt_verify_login' are matched.]]></system-out>
         <system-err><![CDATA[]]></system-err>
      </testcase>
      <testcase name="Test Cases/Assignment/Make Appointment/APP_01" time="18.236" classname="Test Cases/Assignment/Make Appointment/APP_01" status="PASSED">
         <system-out><![CDATA[2022-07-04 09:52:09 - [TEST_CASE][PASSED] - Test Cases/Assignment/Make Appointment/APP_01: Test Cases/Assignment/Make Appointment/APP_01

2022-07-04 09:52:09 - [TEST_STEP][PASSED] - callTestCase(findTestCase("Assignment/Login/LOGIN_01"), [:], STOP_ON_FAILURE): Call Test Case 'Test Cases/Assignment/Login/LOGIN_01' successfully

2022-07-04 09:52:10 - [TEST_CASE][PASSED] - Test Cases/Assignment/Login/LOGIN_01: Test Cases/Assignment/Login/LOGIN_01

2022-07-04 09:52:10 - [TEST_STEP][PASSED] - openBrowser(""): Browser is opened with url: ''

2022-07-04 09:52:10 - [MESSAGE][WARNING] - A browser is already opened. Closing browser and opening a new one

2022-07-04 09:52:10 - [MESSAGE][INFO] - Starting 'Chrome' driver

2022-07-04 09:52:10 - [MESSAGE][INFO] - Action delay is set to 0 milliseconds

2022-07-04 09:52:12 - [MESSAGE][PASSED] - Browser is opened with url: ''

2022-07-04 09:52:12 - [TEST_STEP][PASSED] - navigateToUrl("https://katalon-demo-cura.herokuapp.com/"): Navigate to 'https://katalon-demo-cura.herokuapp.com/' successfully

2022-07-04 09:52:17 - [MESSAGE][PASSED] - Navigate to 'https://katalon-demo-cura.herokuapp.com/' successfully

2022-07-04 09:52:17 - [TEST_STEP][PASSED] - click(findTestObject("menu_CURA")): Object: 'Object Repository/menu_CURA' is clicked on

2022-07-04 09:52:18 - [MESSAGE][PASSED] - Object: 'Object Repository/menu_CURA' is clicked on

2022-07-04 09:52:18 - [TEST_STEP][PASSED] - click(findTestObject("Object Repository/btn_menu_login")): Object: 'Object Repository/btn_menu_login' is clicked on

2022-07-04 09:52:19 - [MESSAGE][PASSED] - Object: 'Object Repository/btn_menu_login' is clicked on

2022-07-04 09:52:19 - [TEST_STEP][PASSED] - setText(findTestObject("Object Repository/input_username"), "John Doe"): Text 'John Doe' is set on object 'Object Repository/input_username'

2022-07-04 09:52:20 - [MESSAGE][PASSED] - Text 'John Doe' is set on object 'Object Repository/input_username'

2022-07-04 09:52:20 - [TEST_STEP][PASSED] - setEncryptedText(findTestObject("Object Repository/input_password"), "g3/DOGG74jC3Flrr3yH+3D/yKbOqqUNM"): Text ****** has been set on object 'Object Repository/input_password'

2022-07-04 09:52:21 - [MESSAGE][PASSED] - Text ****** has been set on object 'Object Repository/input_password'

2022-07-04 09:52:21 - [TEST_STEP][PASSED] - click(findTestObject("Object Repository/btn_login_home")): Object: 'Object Repository/btn_login_home' is clicked on

2022-07-04 09:52:22 - [MESSAGE][PASSED] - Object: 'Object Repository/btn_login_home' is clicked on

2022-07-04 09:52:22 - [TEST_STEP][PASSED] - verifyElementText(findTestObject("txt_verify_login"), "Make Appointment"): Actual text and expected text of test object 'Object Repository/txt_verify_login' are matched.

2022-07-04 09:52:22 - [MESSAGE][PASSED] - Actual text and expected text of test object 'Object Repository/txt_verify_login' are matched.

2022-07-04 09:52:22 - [MESSAGE][PASSED] - Call Test Case 'Test Cases/Assignment/Login/LOGIN_01' successfully

2022-07-04 09:52:22 - [TEST_STEP][PASSED] - selectOptionByValue(findTestObject("Object Repository/select_facility"), "Hongkong CURA Healthcare Center", true): All options with value 'Hongkong CURA Healthcare Center' are selected in object 'Object Repository/select_facility'  using regular expression

2022-07-04 09:52:23 - [MESSAGE][PASSED] - All options with value 'Hongkong CURA Healthcare Center' are selected in object 'Object Repository/select_facility'  using regular expression

2022-07-04 09:52:23 - [TEST_STEP][PASSED] - click(findTestObject("chk_hospital_readmission")): Object: 'Object Repository/chk_hospital_readmission' is clicked on

2022-07-04 09:52:23 - [MESSAGE][PASSED] - Object: 'Object Repository/chk_hospital_readmission' is clicked on

2022-07-04 09:52:23 - [TEST_STEP][PASSED] - click(findTestObject("Object Repository/select_health_program")): Object: 'Object Repository/select_health_program' is clicked on

2022-07-04 09:52:24 - [MESSAGE][PASSED] - Object: 'Object Repository/select_health_program' is clicked on

2022-07-04 09:52:24 - [TEST_STEP][PASSED] - setText(findTestObject("input_visit_date"), "20/08/2022"): Text '20/08/2022' is set on object 'Object Repository/input_visit_date'

2022-07-04 09:52:25 - [MESSAGE][PASSED] - Text '20/08/2022' is set on object 'Object Repository/input_visit_date'

2022-07-04 09:52:25 - [TEST_STEP][PASSED] - setText(findTestObject("input_comment"), "Make Appointment"): Text 'Make Appointment' is set on object 'Object Repository/input_comment'

2022-07-04 09:52:25 - [MESSAGE][PASSED] - Text 'Make Appointment' is set on object 'Object Repository/input_comment'

2022-07-04 09:52:25 - [TEST_STEP][PASSED] - click(findTestObject("btn_book_appointment")): Object: 'Object Repository/btn_book_appointment' is clicked on

2022-07-04 09:52:26 - [MESSAGE][PASSED] - Object: 'Object Repository/btn_book_appointment' is clicked on

2022-07-04 09:52:26 - [TEST_STEP][PASSED] - navigateToUrl("https://katalon-demo-cura.herokuapp.com/appointment.php#summary"): Navigate to 'https://katalon-demo-cura.herokuapp.com/appointment.php#summary' successfully

2022-07-04 09:52:27 - [MESSAGE][PASSED] - Navigate to 'https://katalon-demo-cura.herokuapp.com/appointment.php#summary' successfully

2022-07-04 09:52:27 - [TEST_STEP][PASSED] - verifyElementPresent(findTestObject("txt_appointment_confirmation"), 3): Object 'Object Repository/txt_appointment_confirmation' is present

2022-07-04 09:52:27 - [MESSAGE][PASSED] - Object 'Object Repository/txt_appointment_confirmation' is present]]></system-out>
         <system-err><![CDATA[]]></system-err>
      </testcase>
      <testcase name="Test Cases/Assignment/Check Appointment/CHECK_01" time="21.766" classname="Test Cases/Assignment/Check Appointment/CHECK_01" status="PASSED">
         <system-out><![CDATA[2022-07-04 09:52:27 - [TEST_CASE][PASSED] - Test Cases/Assignment/Check Appointment/CHECK_01: Test Cases/Assignment/Check Appointment/CHECK_01

2022-07-04 09:52:27 - [TEST_STEP][PASSED] - callTestCase(findTestCase("Assignment/Make Appointment/APP_01"), [:], STOP_ON_FAILURE): Call Test Case 'Test Cases/Assignment/Make Appointment/APP_01' successfully

2022-07-04 09:52:27 - [TEST_CASE][PASSED] - Test Cases/Assignment/Make Appointment/APP_01: Test Cases/Assignment/Make Appointment/APP_01

2022-07-04 09:52:27 - [TEST_STEP][PASSED] - callTestCase(findTestCase("Assignment/Login/LOGIN_01"), [:], STOP_ON_FAILURE): Call Test Case 'Test Cases/Assignment/Login/LOGIN_01' successfully

2022-07-04 09:52:27 - [TEST_CASE][PASSED] - Test Cases/Assignment/Login/LOGIN_01: Test Cases/Assignment/Login/LOGIN_01

2022-07-04 09:52:27 - [TEST_STEP][PASSED] - openBrowser(""): Browser is opened with url: ''

2022-07-04 09:52:27 - [MESSAGE][WARNING] - A browser is already opened. Closing browser and opening a new one

2022-07-04 09:52:28 - [MESSAGE][INFO] - Starting 'Chrome' driver

2022-07-04 09:52:28 - [MESSAGE][INFO] - Action delay is set to 0 milliseconds

2022-07-04 09:52:29 - [MESSAGE][PASSED] - Browser is opened with url: ''

2022-07-04 09:52:29 - [TEST_STEP][PASSED] - navigateToUrl("https://katalon-demo-cura.herokuapp.com/"): Navigate to 'https://katalon-demo-cura.herokuapp.com/' successfully

2022-07-04 09:52:35 - [MESSAGE][PASSED] - Navigate to 'https://katalon-demo-cura.herokuapp.com/' successfully

2022-07-04 09:52:35 - [TEST_STEP][PASSED] - click(findTestObject("menu_CURA")): Object: 'Object Repository/menu_CURA' is clicked on

2022-07-04 09:52:35 - [MESSAGE][PASSED] - Object: 'Object Repository/menu_CURA' is clicked on

2022-07-04 09:52:35 - [TEST_STEP][PASSED] - click(findTestObject("Object Repository/btn_menu_login")): Object: 'Object Repository/btn_menu_login' is clicked on

2022-07-04 09:52:37 - [MESSAGE][PASSED] - Object: 'Object Repository/btn_menu_login' is clicked on

2022-07-04 09:52:37 - [TEST_STEP][PASSED] - setText(findTestObject("Object Repository/input_username"), "John Doe"): Text 'John Doe' is set on object 'Object Repository/input_username'

2022-07-04 09:52:38 - [MESSAGE][PASSED] - Text 'John Doe' is set on object 'Object Repository/input_username'

2022-07-04 09:52:38 - [TEST_STEP][PASSED] - setEncryptedText(findTestObject("Object Repository/input_password"), "g3/DOGG74jC3Flrr3yH+3D/yKbOqqUNM"): Text ****** has been set on object 'Object Repository/input_password'

2022-07-04 09:52:39 - [MESSAGE][PASSED] - Text ****** has been set on object 'Object Repository/input_password'

2022-07-04 09:52:39 - [TEST_STEP][PASSED] - click(findTestObject("Object Repository/btn_login_home")): Object: 'Object Repository/btn_login_home' is clicked on

2022-07-04 09:52:41 - [MESSAGE][PASSED] - Object: 'Object Repository/btn_login_home' is clicked on

2022-07-04 09:52:41 - [TEST_STEP][PASSED] - verifyElementText(findTestObject("txt_verify_login"), "Make Appointment"): Actual text and expected text of test object 'Object Repository/txt_verify_login' are matched.

2022-07-04 09:52:41 - [MESSAGE][PASSED] - Actual text and expected text of test object 'Object Repository/txt_verify_login' are matched.

2022-07-04 09:52:41 - [MESSAGE][PASSED] - Call Test Case 'Test Cases/Assignment/Login/LOGIN_01' successfully

2022-07-04 09:52:41 - [TEST_STEP][PASSED] - selectOptionByValue(findTestObject("Object Repository/select_facility"), "Hongkong CURA Healthcare Center", true): All options with value 'Hongkong CURA Healthcare Center' are selected in object 'Object Repository/select_facility'  using regular expression

2022-07-04 09:52:42 - [MESSAGE][PASSED] - All options with value 'Hongkong CURA Healthcare Center' are selected in object 'Object Repository/select_facility'  using regular expression

2022-07-04 09:52:42 - [TEST_STEP][PASSED] - click(findTestObject("chk_hospital_readmission")): Object: 'Object Repository/chk_hospital_readmission' is clicked on

2022-07-04 09:52:42 - [MESSAGE][PASSED] - Object: 'Object Repository/chk_hospital_readmission' is clicked on

2022-07-04 09:52:42 - [TEST_STEP][PASSED] - click(findTestObject("Object Repository/select_health_program")): Object: 'Object Repository/select_health_program' is clicked on

2022-07-04 09:52:43 - [MESSAGE][PASSED] - Object: 'Object Repository/select_health_program' is clicked on

2022-07-04 09:52:43 - [TEST_STEP][PASSED] - setText(findTestObject("input_visit_date"), "20/08/2022"): Text '20/08/2022' is set on object 'Object Repository/input_visit_date'

2022-07-04 09:52:44 - [MESSAGE][PASSED] - Text '20/08/2022' is set on object 'Object Repository/input_visit_date'

2022-07-04 09:52:44 - [TEST_STEP][PASSED] - setText(findTestObject("input_comment"), "Make Appointment"): Text 'Make Appointment' is set on object 'Object Repository/input_comment'

2022-07-04 09:52:44 - [MESSAGE][PASSED] - Text 'Make Appointment' is set on object 'Object Repository/input_comment'

2022-07-04 09:52:44 - [TEST_STEP][PASSED] - click(findTestObject("btn_book_appointment")): Object: 'Object Repository/btn_book_appointment' is clicked on

2022-07-04 09:52:47 - [MESSAGE][PASSED] - Object: 'Object Repository/btn_book_appointment' is clicked on

2022-07-04 09:52:47 - [TEST_STEP][PASSED] - navigateToUrl("https://katalon-demo-cura.herokuapp.com/appointment.php#summary"): Navigate to 'https://katalon-demo-cura.herokuapp.com/appointment.php#summary' successfully

2022-07-04 09:52:47 - [MESSAGE][PASSED] - Navigate to 'https://katalon-demo-cura.herokuapp.com/appointment.php#summary' successfully

2022-07-04 09:52:47 - [TEST_STEP][PASSED] - verifyElementPresent(findTestObject("txt_appointment_confirmation"), 3): Object 'Object Repository/txt_appointment_confirmation' is present

2022-07-04 09:52:47 - [MESSAGE][PASSED] - Object 'Object Repository/txt_appointment_confirmation' is present

2022-07-04 09:52:47 - [MESSAGE][PASSED] - Call Test Case 'Test Cases/Assignment/Make Appointment/APP_01' successfully

2022-07-04 09:52:47 - [TEST_STEP][PASSED] - click(findTestObject("Object Repository/menu_CURA")): Object: 'Object Repository/menu_CURA' is clicked on

2022-07-04 09:52:47 - [MESSAGE][PASSED] - Object: 'Object Repository/menu_CURA' is clicked on

2022-07-04 09:52:47 - [TEST_STEP][PASSED] - click(findTestObject("Object Repository/history_appointment")): Object: 'Object Repository/history_appointment' is clicked on

2022-07-04 09:52:48 - [MESSAGE][PASSED] - Object: 'Object Repository/history_appointment' is clicked on

2022-07-04 09:52:48 - [TEST_STEP][PASSED] - verifyElementPresent(findTestObject("Object Repository/verify_appointment"), 3): Object 'Object Repository/verify_appointment' is present

2022-07-04 09:52:49 - [MESSAGE][PASSED] - Object 'Object Repository/verify_appointment' is present]]></system-out>
         <system-err><![CDATA[]]></system-err>
      </testcase>
      <testcase name="Test Cases/Assignment/Logout/LOGOUT" time="21.193" classname="Test Cases/Assignment/Logout/LOGOUT" status="PASSED">
         <system-out><![CDATA[2022-07-04 09:52:49 - [TEST_CASE][PASSED] - Test Cases/Assignment/Logout/LOGOUT: Test Cases/Assignment/Logout/LOGOUT

2022-07-04 09:52:49 - [TEST_STEP][PASSED] - callTestCase(findTestCase("Assignment/Make Appointment/APP_01"), [:], STOP_ON_FAILURE): Call Test Case 'Test Cases/Assignment/Make Appointment/APP_01' successfully

2022-07-04 09:52:49 - [TEST_CASE][PASSED] - Test Cases/Assignment/Make Appointment/APP_01: Test Cases/Assignment/Make Appointment/APP_01

2022-07-04 09:52:49 - [TEST_STEP][PASSED] - callTestCase(findTestCase("Assignment/Login/LOGIN_01"), [:], STOP_ON_FAILURE): Call Test Case 'Test Cases/Assignment/Login/LOGIN_01' successfully

2022-07-04 09:52:49 - [TEST_CASE][PASSED] - Test Cases/Assignment/Login/LOGIN_01: Test Cases/Assignment/Login/LOGIN_01

2022-07-04 09:52:49 - [TEST_STEP][PASSED] - openBrowser(""): Browser is opened with url: ''

2022-07-04 09:52:49 - [MESSAGE][WARNING] - A browser is already opened. Closing browser and opening a new one

2022-07-04 09:52:50 - [MESSAGE][INFO] - Starting 'Chrome' driver

2022-07-04 09:52:50 - [MESSAGE][INFO] - Action delay is set to 0 milliseconds

2022-07-04 09:52:51 - [MESSAGE][PASSED] - Browser is opened with url: ''

2022-07-04 09:52:51 - [TEST_STEP][PASSED] - navigateToUrl("https://katalon-demo-cura.herokuapp.com/"): Navigate to 'https://katalon-demo-cura.herokuapp.com/' successfully

2022-07-04 09:52:58 - [MESSAGE][PASSED] - Navigate to 'https://katalon-demo-cura.herokuapp.com/' successfully

2022-07-04 09:52:58 - [TEST_STEP][PASSED] - click(findTestObject("menu_CURA")): Object: 'Object Repository/menu_CURA' is clicked on

2022-07-04 09:52:58 - [MESSAGE][PASSED] - Object: 'Object Repository/menu_CURA' is clicked on

2022-07-04 09:52:58 - [TEST_STEP][PASSED] - click(findTestObject("Object Repository/btn_menu_login")): Object: 'Object Repository/btn_menu_login' is clicked on

2022-07-04 09:52:59 - [MESSAGE][PASSED] - Object: 'Object Repository/btn_menu_login' is clicked on

2022-07-04 09:52:59 - [TEST_STEP][PASSED] - setText(findTestObject("Object Repository/input_username"), "John Doe"): Text 'John Doe' is set on object 'Object Repository/input_username'

2022-07-04 09:53:00 - [MESSAGE][PASSED] - Text 'John Doe' is set on object 'Object Repository/input_username'

2022-07-04 09:53:00 - [TEST_STEP][PASSED] - setEncryptedText(findTestObject("Object Repository/input_password"), "g3/DOGG74jC3Flrr3yH+3D/yKbOqqUNM"): Text ****** has been set on object 'Object Repository/input_password'

2022-07-04 09:53:01 - [MESSAGE][PASSED] - Text ****** has been set on object 'Object Repository/input_password'

2022-07-04 09:53:01 - [TEST_STEP][PASSED] - click(findTestObject("Object Repository/btn_login_home")): Object: 'Object Repository/btn_login_home' is clicked on

2022-07-04 09:53:02 - [MESSAGE][PASSED] - Object: 'Object Repository/btn_login_home' is clicked on

2022-07-04 09:53:02 - [TEST_STEP][PASSED] - verifyElementText(findTestObject("txt_verify_login"), "Make Appointment"): Actual text and expected text of test object 'Object Repository/txt_verify_login' are matched.

2022-07-04 09:53:02 - [MESSAGE][PASSED] - Actual text and expected text of test object 'Object Repository/txt_verify_login' are matched.

2022-07-04 09:53:02 - [MESSAGE][PASSED] - Call Test Case 'Test Cases/Assignment/Login/LOGIN_01' successfully

2022-07-04 09:53:02 - [TEST_STEP][PASSED] - selectOptionByValue(findTestObject("Object Repository/select_facility"), "Hongkong CURA Healthcare Center", true): All options with value 'Hongkong CURA Healthcare Center' are selected in object 'Object Repository/select_facility'  using regular expression

2022-07-04 09:53:03 - [MESSAGE][PASSED] - All options with value 'Hongkong CURA Healthcare Center' are selected in object 'Object Repository/select_facility'  using regular expression

2022-07-04 09:53:03 - [TEST_STEP][PASSED] - click(findTestObject("chk_hospital_readmission")): Object: 'Object Repository/chk_hospital_readmission' is clicked on

2022-07-04 09:53:03 - [MESSAGE][PASSED] - Object: 'Object Repository/chk_hospital_readmission' is clicked on

2022-07-04 09:53:03 - [TEST_STEP][PASSED] - click(findTestObject("Object Repository/select_health_program")): Object: 'Object Repository/select_health_program' is clicked on

2022-07-04 09:53:04 - [MESSAGE][PASSED] - Object: 'Object Repository/select_health_program' is clicked on

2022-07-04 09:53:04 - [TEST_STEP][PASSED] - setText(findTestObject("input_visit_date"), "20/08/2022"): Text '20/08/2022' is set on object 'Object Repository/input_visit_date'

2022-07-04 09:53:04 - [MESSAGE][PASSED] - Text '20/08/2022' is set on object 'Object Repository/input_visit_date'

2022-07-04 09:53:04 - [TEST_STEP][PASSED] - setText(findTestObject("input_comment"), "Make Appointment"): Text 'Make Appointment' is set on object 'Object Repository/input_comment'

2022-07-04 09:53:05 - [MESSAGE][PASSED] - Text 'Make Appointment' is set on object 'Object Repository/input_comment'

2022-07-04 09:53:05 - [TEST_STEP][PASSED] - click(findTestObject("btn_book_appointment")): Object: 'Object Repository/btn_book_appointment' is clicked on

2022-07-04 09:53:06 - [MESSAGE][PASSED] - Object: 'Object Repository/btn_book_appointment' is clicked on

2022-07-04 09:53:06 - [TEST_STEP][PASSED] - navigateToUrl("https://katalon-demo-cura.herokuapp.com/appointment.php#summary"): Navigate to 'https://katalon-demo-cura.herokuapp.com/appointment.php#summary' successfully

2022-07-04 09:53:07 - [MESSAGE][PASSED] - Navigate to 'https://katalon-demo-cura.herokuapp.com/appointment.php#summary' successfully

2022-07-04 09:53:07 - [TEST_STEP][PASSED] - verifyElementPresent(findTestObject("txt_appointment_confirmation"), 3): Object 'Object Repository/txt_appointment_confirmation' is present

2022-07-04 09:53:07 - [MESSAGE][PASSED] - Object 'Object Repository/txt_appointment_confirmation' is present

2022-07-04 09:53:07 - [MESSAGE][PASSED] - Call Test Case 'Test Cases/Assignment/Make Appointment/APP_01' successfully

2022-07-04 09:53:07 - [TEST_STEP][PASSED] - click(findTestObject("Object Repository/menu_CURA")): Object: 'Object Repository/menu_CURA' is clicked on

2022-07-04 09:53:07 - [MESSAGE][PASSED] - Object: 'Object Repository/menu_CURA' is clicked on

2022-07-04 09:53:07 - [TEST_STEP][PASSED] - click(findTestObject("Object Repository/btn_menu_logout")): Object: 'Object Repository/btn_menu_logout' is clicked on

2022-07-04 09:53:08 - [MESSAGE][PASSED] - Object: 'Object Repository/btn_menu_logout' is clicked on

2022-07-04 09:53:08 - [TEST_STEP][PASSED] - navigateToUrl("https://katalon-demo-cura.herokuapp.com/"): Navigate to 'https://katalon-demo-cura.herokuapp.com/' successfully

2022-07-04 09:53:09 - [MESSAGE][PASSED] - Navigate to 'https://katalon-demo-cura.herokuapp.com/' successfully

2022-07-04 09:53:09 - [TEST_STEP][PASSED] - verifyElementPresent(findTestObject("Object Repository/verify_home"), 3): Object 'Object Repository/verify_home' is present

2022-07-04 09:53:09 - [MESSAGE][PASSED] - Object 'Object Repository/verify_home' is present

2022-07-04 09:53:09 - [TEST_STEP][PASSED] - closeBrowser(): Browser is closed

2022-07-04 09:53:10 - [MESSAGE][PASSED] - Browser is closed]]></system-out>
         <system-err><![CDATA[]]></system-err>
      </testcase>
      <system-out><![CDATA[2022-07-04 09:51:54 - [TEST_SUITE][PASSED] - Full Positive Test: Test Cases/Assignment/Logout/LOGOUT]]></system-out>
      <system-err><![CDATA[]]></system-err>
   </testsuite>
</testsuites>
